<?xml version="1.0" encoding="UTF-8"?>
<!-- Generated by org.testng.reporters.JUnitReportReporter -->
<testsuite name="com.ta3s.testcases.SigningInTestCase" tests="1" time="64.904" ignored="0" failures="0" timestamp="26 Feb 2017 06:40:38 GMT" skipped="0" hostname="User-PC" errors="0">
  <testcase name="SignIn" time="64.904" classname="com.ta3s.testcases.SigningInTestCase"/>
</testsuite> <!-- com.ta3s.testcases.SigningInTestCase -->
